<?xml version="1.0" encoding="UTF-8"?>
<!-- Generated by org.testng.reporters.JUnitReportReporter -->
<testsuite hostname="LAPTOP-D9B72J2S" failures="0" tests="4" name="DockerTest.SeleniumDocker" time="322.503" errors="0" timestamp="2022-09-27T16:35:05 IST" skipped="0">
  <testcase classname="DockerTest.SeleniumDocker" name="localTest" time="96.552"/>
  <system-out/>
  <testcase classname="DockerTest.SeleniumDocker" name="localTest" time="78.643"/>
  <system-out/>
  <testcase classname="DockerTest.SeleniumDocker" name="localTest" time="68.141"/>
  <system-out/>
  <testcase classname="DockerTest.SeleniumDocker" name="localTest" time="79.167"/>
  <system-out/>
</testsuite> <!-- DockerTest.SeleniumDocker -->
