<?xml version="1.0" encoding="UTF-8"?>
<!-- Generated by org.testng.reporters.JUnitReportReporter -->
<testsuite hostname="LAPTOP-D9B72J2S" failures="0" tests="1" name="Browserclasses.one" time="14.575" errors="0" timestamp="2022-08-27T10:10:26 IST" skipped="0">
  <testcase classname="Browserclasses.one" name="openbrowser" time="14.575"/>
  <system-out/>
</testsuite> <!-- Browserclasses.one -->
