<?xml version="1.0" encoding="UTF-8"?>
<!-- Generated by org.testng.reporters.JUnitReportReporter -->
<testsuite hostname="LAPTOP-D9B72J2S" failures="0" tests="1" name="Browserclasses.two" time="40.098" errors="0" timestamp="2022-08-27T10:12:13 IST" skipped="0">
  <testcase classname="Browserclasses.two" name="openbrowser" time="40.098"/>
  <system-out/>
</testsuite> <!-- Browserclasses.two -->
